<?xml version="1.0" encoding="UTF-8"?>
<!-- Generated by org.testng.reporters.JUnitReportReporter -->
<testsuite hostname="LAPTOP-H6MNQP0B" failures="0" tests="1" name="com.proj.test.scripts.TC001_NaukriLogin" time="22.661" errors="0" timestamp="2023-11-14T20:00:18 IST" skipped="0">
  <testcase classname="com.proj.test.scripts.TC001_NaukriLogin" name="loginNaukri" time="22.661"/>
</testsuite> <!-- com.proj.test.scripts.TC001_NaukriLogin -->
