<?xml version="1.0" encoding="UTF-8"?>
<!-- Generated by org.testng.reporters.JUnitReportReporter -->
<testsuite hostname="LAPTOP-H6MNQP0B" failures="0" tests="1" name="com.proj.test.scripts.TC001_NaukriLogin" time="24.774" errors="0" timestamp="2023-11-16T16:45:26 IST" skipped="0">
  <testcase classname="com.proj.test.scripts.TC001_NaukriLogin" name="loginNaukri" time="24.774"/>
</testsuite> <!-- com.proj.test.scripts.TC001_NaukriLogin -->
